<?xml version="1.0" encoding="UTF-8"?>
<!-- Generated by org.testng.reporters.JUnitReportReporter -->
<testsuite hostname="INHYNSKODURU102" failures="0" tests="1" name="com.NinjaTutorials.TestCases.Login" time="15.805" errors="0" timestamp="2025-01-20T16:28:17 IST" skipped="0">
  <testcase classname="com.NinjaTutorials.TestCases.Login" name="verifyLoginWithValidCredentials" time="15.805"/>
  <system-out/>
</testsuite> <!-- com.NinjaTutorials.TestCases.Login -->
