<?xml version="1.0" encoding="UTF-8"?>
<!-- Generated by org.testng.reporters.JUnitReportReporter -->
<testsuite hostname="INHYNSKODURU102" failures="0" tests="1" name="com.NinjaTutorials.TestCases.Search" time="8.376" errors="0" timestamp="2025-01-20T16:28:17 IST" skipped="0">
  <testcase classname="com.NinjaTutorials.TestCases.Search" name="verifySearchWithValidProduct" time="8.376"/>
  <system-out/>
</testsuite> <!-- com.NinjaTutorials.TestCases.Search -->
